<?xml version="1.0" encoding="UTF-8"?>
<!-- Generated by org.testng.reporters.JUnitReportReporter -->
<testsuite skipped="0" hostname="DESKTOP-I76TGM3" name="Academy.ValidateNavigationBar" tests="1" failures="0" timestamp="2020-09-09T10:47:02 CEST" time="0.728" errors="0">
  <testcase name="validateNavigationBar" time="0.728" classname="Academy.ValidateNavigationBar"/>
  <system-out/>
</testsuite> <!-- Academy.ValidateNavigationBar -->
